{"C:\\Users\\kwagd\\OneDrive\\Desktop\\New folder\\auth-product-module\\src\\app.controller.ts": {"path":"C:\\Users\\kwagd\\OneDrive\\Desktop\\New folder\\auth-product-module\\src\\app.controller.ts","statementMap":{"0":{"start":{"line":1,"column":0},"end":{"line":1,"column":49}},"1":{"start":{"line":2,"column":0},"end":{"line":2,"column":43}},"2":{"start":{"line":5,"column":7},"end":{"line":12,"column":null}},"3":{"start":{"line":6,"column":31},"end":{"line":6,"column":43}},"4":{"start":{"line":10,"column":4},"end":{"line":10,"column":38}},"5":{"start":{"line":5,"column":13},"end":{"line":5,"column":26}},"6":{"start":{"line":9,"column":2},"end":{"line":11,"column":null}},"7":{"start":{"line":5,"column":13},"end":{"line":12,"column":null}}},"fnMap":{"0":{"name":"(anonymous_2)","decl":{"start":{"line":6,"column":2},"end":{"line":6,"column":31}},"loc":{"start":{"line":6,"column":53},"end":{"line":6,"column":57}}},"1":{"name":"(anonymous_3)","decl":{"start":{"line":9,"column":2},"end":{"line":9,"column":10}},"loc":{"start":{"line":9,"column":10},"end":{"line":11,"column":3}}}},"branchMap":{},"s":{"0":1,"1":1,"2":1,"3":1,"4":1,"5":1,"6":1,"7":1},"f":{"0":1,"1":1},"b":{}}
,"C:\\Users\\kwagd\\OneDrive\\Desktop\\New folder\\auth-product-module\\src\\app.module.ts": {"path":"C:\\Users\\kwagd\\OneDrive\\Desktop\\New folder\\auth-product-module\\src\\app.module.ts","statementMap":{"0":{"start":{"line":1,"column":0},"end":{"line":1,"column":40}},"1":{"start":{"line":2,"column":0},"end":{"line":2,"column":48}},"2":{"start":{"line":5,"column":0},"end":{"line":5,"column":48}},"3":{"start":{"line":6,"column":0},"end":{"line":6,"column":57}},"4":{"start":{"line":7,"column":0},"end":{"line":7,"column":48}},"5":{"start":{"line":8,"column":0},"end":{"line":8,"column":41}},"6":{"start":{"line":9,"column":0},"end":{"line":9,"column":54}},"7":{"start":{"line":33,"column":7},"end":{"line":33,"column":null}},"8":{"start":{"line":33,"column":13},"end":{"line":33,"column":22}},"9":{"start":{"line":33,"column":13},"end":{"line":33,"column":null}}},"fnMap":{},"branchMap":{},"s":{"0":1,"1":1,"2":1,"3":1,"4":1,"5":1,"6":1,"7":1,"8":1,"9":1},"f":{},"b":{}}
,"C:\\Users\\kwagd\\OneDrive\\Desktop\\New folder\\auth-product-module\\src\\app.service.ts": {"path":"C:\\Users\\kwagd\\OneDrive\\Desktop\\New folder\\auth-product-module\\src\\app.service.ts","statementMap":{"0":{"start":{"line":1,"column":0},"end":{"line":1,"column":44}},"1":{"start":{"line":4,"column":7},"end":{"line":8,"column":null}},"2":{"start":{"line":6,"column":4},"end":{"line":6,"column":26}},"3":{"start":{"line":4,"column":13},"end":{"line":4,"column":23}},"4":{"start":{"line":4,"column":13},"end":{"line":8,"column":null}}},"fnMap":{"0":{"name":"(anonymous_1)","decl":{"start":{"line":5,"column":2},"end":{"line":5,"column":10}},"loc":{"start":{"line":5,"column":10},"end":{"line":7,"column":3}}}},"branchMap":{},"s":{"0":1,"1":1,"2":1,"3":1,"4":1},"f":{"0":1},"b":{}}
,"C:\\Users\\kwagd\\OneDrive\\Desktop\\New folder\\auth-product-module\\src\\main.ts": {"path":"C:\\Users\\kwagd\\OneDrive\\Desktop\\New folder\\auth-product-module\\src\\main.ts","statementMap":{"0":{"start":{"line":1,"column":0},"end":{"line":1,"column":43}},"1":{"start":{"line":2,"column":0},"end":{"line":2,"column":41}},"2":{"start":{"line":3,"column":0},"end":{"line":3,"column":65}},"3":{"start":{"line":4,"column":0},"end":{"line":4,"column":48}},"4":{"start":{"line":7,"column":14},"end":{"line":7,"column":49}},"5":{"start":{"line":9,"column":17},"end":{"line":14,"column":12}},"6":{"start":{"line":16,"column":2},"end":{"line":16,"column":43}},"7":{"start":{"line":18,"column":19},"end":{"line":18,"column":60}},"8":{"start":{"line":19,"column":2},"end":{"line":19,"column":44}},"9":{"start":{"line":21,"column":2},"end":{"line":21,"column":25}},"10":{"start":{"line":23,"column":0},"end":{"line":23,"column":12}}},"fnMap":{"0":{"name":"bootstrap","decl":{"start":{"line":6,"column":15},"end":{"line":6,"column":24}},"loc":{"start":{"line":6,"column":24},"end":{"line":22,"column":1}}}},"branchMap":{},"s":{"0":0,"1":0,"2":0,"3":0,"4":0,"5":0,"6":0,"7":0,"8":0,"9":0,"10":0},"f":{"0":0},"b":{}}
,"C:\\Users\\kwagd\\OneDrive\\Desktop\\New folder\\auth-product-module\\src\\auth\\auth.module.ts": {"path":"C:\\Users\\kwagd\\OneDrive\\Desktop\\New folder\\auth-product-module\\src\\auth\\auth.module.ts","statementMap":{"0":{"start":{"line":1,"column":0},"end":{"line":1,"column":51}},"1":{"start":{"line":2,"column":0},"end":{"line":2,"column":40}},"2":{"start":{"line":3,"column":0},"end":{"line":3,"column":50}},"3":{"start":{"line":4,"column":0},"end":{"line":4,"column":49}},"4":{"start":{"line":5,"column":0},"end":{"line":5,"column":54}},"5":{"start":{"line":6,"column":0},"end":{"line":6,"column":45}},"6":{"start":{"line":21,"column":7},"end":{"line":21,"column":null}},"7":{"start":{"line":21,"column":13},"end":{"line":21,"column":23}},"8":{"start":{"line":21,"column":13},"end":{"line":21,"column":null}},"9":{"start":{"line":10,"column":24},"end":{"line":10,"column":34}}},"fnMap":{"0":{"name":"(anonymous_1)","decl":{"start":{"line":10,"column":19},"end":{"line":10,"column":22}},"loc":{"start":{"line":10,"column":24},"end":{"line":10,"column":34}}}},"branchMap":{},"s":{"0":1,"1":1,"2":1,"3":1,"4":1,"5":1,"6":1,"7":1,"8":1,"9":3},"f":{"0":3},"b":{}}
,"C:\\Users\\kwagd\\OneDrive\\Desktop\\New folder\\auth-product-module\\src\\auth\\auth.service.ts": {"path":"C:\\Users\\kwagd\\OneDrive\\Desktop\\New folder\\auth-product-module\\src\\auth\\auth.service.ts","statementMap":{"0":{"start":{"line":1,"column":0},"end":{"line":1,"column":64}},"1":{"start":{"line":2,"column":0},"end":{"line":2,"column":51}},"2":{"start":{"line":3,"column":0},"end":{"line":3,"column":41}},"3":{"start":{"line":6,"column":7},"end":{"line":23,"column":null}},"4":{"start":{"line":9,"column":25},"end":{"line":9,"column":37}},"5":{"start":{"line":11,"column":25},"end":{"line":11,"column":38}},"6":{"start":{"line":16,"column":20},"end":{"line":16,"column":63}},"7":{"start":{"line":17,"column":27},"end":{"line":17,"column":87}},"8":{"start":{"line":18,"column":7},"end":{"line":18,"column":null}},"9":{"start":{"line":19,"column":8},"end":{"line":21,"column":null}},"10":{"start":{"line":6,"column":13},"end":{"line":6,"column":24}},"11":{"start":{"line":6,"column":13},"end":{"line":23,"column":null}},"12":{"start":{"line":10,"column":33},"end":{"line":10,"column":44}}},"fnMap":{"0":{"name":"(anonymous_4)","decl":{"start":{"line":8,"column":4},"end":{"line":8,"column":null}},"loc":{"start":{"line":11,"column":49},"end":{"line":12,"column":8}}},"1":{"name":"(anonymous_5)","decl":{"start":{"line":14,"column":3},"end":{"line":14,"column":8}},"loc":{"start":{"line":14,"column":40},"end":{"line":22,"column":5}}},"2":{"name":"(anonymous_6)","decl":{"start":{"line":10,"column":27},"end":{"line":10,"column":30}},"loc":{"start":{"line":10,"column":33},"end":{"line":10,"column":44}}}},"branchMap":{},"s":{"0":6,"1":6,"2":6,"3":6,"4":5,"5":5,"6":3,"7":3,"8":2,"9":1,"10":6,"11":6,"12":5},"f":{"0":5,"1":3,"2":5},"b":{}}
,"C:\\Users\\kwagd\\OneDrive\\Desktop\\New folder\\auth-product-module\\src\\auth\\decorator\\roles.decorator.ts": {"path":"C:\\Users\\kwagd\\OneDrive\\Desktop\\New folder\\auth-product-module\\src\\auth\\decorator\\roles.decorator.ts","statementMap":{"0":{"start":{"line":1,"column":0},"end":{"line":1,"column":45}},"1":{"start":{"line":3,"column":20},"end":{"line":3,"column":63}},"2":{"start":{"line":3,"column":38},"end":{"line":3,"column":63}},"3":{"start":{"line":3,"column":13},"end":{"line":3,"column":20}}},"fnMap":{"0":{"name":"(anonymous_0)","decl":{"start":{"line":3,"column":20},"end":{"line":3,"column":21}},"loc":{"start":{"line":3,"column":38},"end":{"line":3,"column":63}}}},"branchMap":{},"s":{"0":2,"1":2,"2":6,"3":2},"f":{"0":6},"b":{}}
,"C:\\Users\\kwagd\\OneDrive\\Desktop\\New folder\\auth-product-module\\src\\auth\\guard\\jwt-auth.guard.ts": {"path":"C:\\Users\\kwagd\\OneDrive\\Desktop\\New folder\\auth-product-module\\src\\auth\\guard\\jwt-auth.guard.ts","statementMap":{"0":{"start":{"line":1,"column":0},"end":{"line":1,"column":62}},"1":{"start":{"line":2,"column":0},"end":{"line":2,"column":45}},"2":{"start":{"line":5,"column":7},"end":{"line":11,"column":null}},"3":{"start":{"line":7,"column":20},"end":{"line":7,"column":55}},"4":{"start":{"line":8,"column":19},"end":{"line":8,"column":51}},"5":{"start":{"line":9,"column":4},"end":{"line":9,"column":29}},"6":{"start":{"line":5,"column":13},"end":{"line":5,"column":25}},"7":{"start":{"line":5,"column":13},"end":{"line":11,"column":null}}},"fnMap":{"0":{"name":"(anonymous_1)","decl":{"start":{"line":6,"column":2},"end":{"line":6,"column":7}},"loc":{"start":{"line":6,"column":45},"end":{"line":10,"column":3}}}},"branchMap":{},"s":{"0":2,"1":2,"2":2,"3":0,"4":0,"5":0,"6":2,"7":2},"f":{"0":0},"b":{}}
,"C:\\Users\\kwagd\\OneDrive\\Desktop\\New folder\\auth-product-module\\src\\auth\\guard\\roles.guard.ts": {"path":"C:\\Users\\kwagd\\OneDrive\\Desktop\\New folder\\auth-product-module\\src\\auth\\guard\\roles.guard.ts","statementMap":{"0":{"start":{"line":1,"column":0},"end":{"line":1,"column":98}},"1":{"start":{"line":2,"column":0},"end":{"line":2,"column":41}},"2":{"start":{"line":5,"column":7},"end":{"line":30,"column":null}},"3":{"start":{"line":6,"column":22},"end":{"line":6,"column":33}},"4":{"start":{"line":10,"column":25},"end":{"line":10,"column":81}},"5":{"start":{"line":11,"column":4},"end":{"line":13,"column":5}},"6":{"start":{"line":12,"column":6},"end":{"line":12,"column":18}},"7":{"start":{"line":16,"column":20},"end":{"line":16,"column":55}},"8":{"start":{"line":17,"column":17},"end":{"line":17,"column":29}},"9":{"start":{"line":19,"column":4},"end":{"line":21,"column":5}},"10":{"start":{"line":20,"column":6},"end":{"line":20,"column":61}},"11":{"start":{"line":24,"column":4},"end":{"line":26,"column":5}},"12":{"start":{"line":25,"column":6},"end":{"line":25,"column":92}},"13":{"start":{"line":28,"column":4},"end":{"line":28,"column":16}},"14":{"start":{"line":5,"column":13},"end":{"line":5,"column":23}},"15":{"start":{"line":5,"column":13},"end":{"line":30,"column":null}}},"fnMap":{"0":{"name":"(anonymous_2)","decl":{"start":{"line":6,"column":2},"end":{"line":6,"column":22}},"loc":{"start":{"line":6,"column":42},"end":{"line":6,"column":46}}},"1":{"name":"(anonymous_3)","decl":{"start":{"line":8,"column":2},"end":{"line":8,"column":13}},"loc":{"start":{"line":8,"column":39},"end":{"line":29,"column":3}}}},"branchMap":{"0":{"loc":{"start":{"line":11,"column":4},"end":{"line":13,"column":5}},"type":"if","locations":[{"start":{"line":11,"column":4},"end":{"line":13,"column":5}}]},"1":{"loc":{"start":{"line":19,"column":4},"end":{"line":21,"column":5}},"type":"if","locations":[{"start":{"line":19,"column":4},"end":{"line":21,"column":5}}]},"2":{"loc":{"start":{"line":24,"column":4},"end":{"line":26,"column":5}},"type":"if","locations":[{"start":{"line":24,"column":4},"end":{"line":26,"column":5}}]}},"s":{"0":2,"1":2,"2":2,"3":2,"4":0,"5":0,"6":0,"7":0,"8":0,"9":0,"10":0,"11":0,"12":0,"13":0,"14":2,"15":2},"f":{"0":2,"1":0},"b":{"0":[0],"1":[0],"2":[0]}}
,"C:\\Users\\kwagd\\OneDrive\\Desktop\\New folder\\auth-product-module\\src\\auth\\strategy\\jwt.strategy.ts": {"path":"C:\\Users\\kwagd\\OneDrive\\Desktop\\New folder\\auth-product-module\\src\\auth\\strategy\\jwt.strategy.ts","statementMap":{"0":{"start":{"line":1,"column":0},"end":{"line":1,"column":86}},"1":{"start":{"line":2,"column":0},"end":{"line":2,"column":52}},"2":{"start":{"line":3,"column":0},"end":{"line":3,"column":52}},"3":{"start":{"line":4,"column":0},"end":{"line":4,"column":54}},"4":{"start":{"line":9,"column":7},"end":{"line":47,"column":null}},"5":{"start":{"line":15,"column":8},"end":{"line":21,"column":null}},"6":{"start":{"line":13,"column":25},"end":{"line":13,"column":38}},"7":{"start":{"line":25,"column":25},"end":{"line":25,"column":54}},"8":{"start":{"line":26,"column":8},"end":{"line":28,"column":9}},"9":{"start":{"line":27,"column":10},"end":{"line":27,"column":59}},"10":{"start":{"line":30,"column":21},"end":{"line":30,"column":73}},"11":{"start":{"line":31,"column":8},"end":{"line":33,"column":9}},"12":{"start":{"line":32,"column":10},"end":{"line":32,"column":67}},"13":{"start":{"line":36,"column":8},"end":{"line":36,"column":44}},"14":{"start":{"line":40,"column":27},"end":{"line":40,"column":56}},"15":{"start":{"line":41,"column":8},"end":{"line":43,"column":9}},"16":{"start":{"line":42,"column":12},"end":{"line":42,"column":24}},"17":{"start":{"line":44,"column":8},"end":{"line":44,"column":39}},"18":{"start":{"line":9,"column":13},"end":{"line":9,"column":24}},"19":{"start":{"line":9,"column":13},"end":{"line":47,"column":null}},"20":{"start":{"line":12,"column":33},"end":{"line":12,"column":44}}},"fnMap":{"0":{"name":"(anonymous_4)","decl":{"start":{"line":11,"column":4},"end":{"line":11,"column":null}},"loc":{"start":{"line":13,"column":49},"end":{"line":22,"column":5}}},"1":{"name":"(anonymous_5)","decl":{"start":{"line":24,"column":4},"end":{"line":24,"column":9}},"loc":{"start":{"line":24,"column":70},"end":{"line":37,"column":7}}},"2":{"name":"(anonymous_6)","decl":{"start":{"line":39,"column":12},"end":{"line":39,"column":27}},"loc":{"start":{"line":39,"column":44},"end":{"line":45,"column":5}}},"3":{"name":"(anonymous_7)","decl":{"start":{"line":12,"column":27},"end":{"line":12,"column":30}},"loc":{"start":{"line":12,"column":33},"end":{"line":12,"column":44}}}},"branchMap":{"0":{"loc":{"start":{"line":26,"column":8},"end":{"line":28,"column":9}},"type":"if","locations":[{"start":{"line":26,"column":8},"end":{"line":28,"column":9}}]},"1":{"loc":{"start":{"line":31,"column":8},"end":{"line":33,"column":9}},"type":"if","locations":[{"start":{"line":31,"column":8},"end":{"line":33,"column":9}}]},"2":{"loc":{"start":{"line":31,"column":12},"end":{"line":31,"column":44}},"type":"binary-expr","locations":[{"start":{"line":31,"column":12},"end":{"line":31,"column":17}},{"start":{"line":31,"column":21},"end":{"line":31,"column":44}}]},"3":{"loc":{"start":{"line":41,"column":8},"end":{"line":43,"column":9}},"type":"if","locations":[{"start":{"line":41,"column":8},"end":{"line":43,"column":9}}]},"4":{"loc":{"start":{"line":41,"column":12},"end":{"line":41,"column":60}},"type":"binary-expr","locations":[{"start":{"line":41,"column":12},"end":{"line":41,"column":23}},{"start":{"line":41,"column":27},"end":{"line":41,"column":60}}]}},"s":{"0":2,"1":2,"2":2,"3":2,"4":2,"5":9,"6":9,"7":4,"8":4,"9":1,"10":3,"11":3,"12":2,"13":1,"14":7,"15":7,"16":3,"17":4,"18":2,"19":2,"20":9},"f":{"0":9,"1":4,"2":7,"3":9},"b":{"0":[1],"1":[2],"2":[3,2],"3":[3],"4":[7,5]}}
,"C:\\Users\\kwagd\\OneDrive\\Desktop\\New folder\\auth-product-module\\src\\product\\product.controller.ts": {"path":"C:\\Users\\kwagd\\OneDrive\\Desktop\\New folder\\auth-product-module\\src\\product\\product.controller.ts","statementMap":{"0":{"start":{"line":1,"column":0},"end":{"line":1,"column":101}},"1":{"start":{"line":2,"column":0},"end":{"line":2,"column":51}},"2":{"start":{"line":3,"column":0},"end":{"line":3,"column":60}},"3":{"start":{"line":4,"column":0},"end":{"line":4,"column":60}},"4":{"start":{"line":5,"column":0},"end":{"line":5,"column":60}},"5":{"start":{"line":7,"column":0},"end":{"line":7,"column":57}},"6":{"start":{"line":12,"column":7},"end":{"line":42,"column":null}},"7":{"start":{"line":13,"column":22},"end":{"line":13,"column":38}},"8":{"start":{"line":18,"column":4},"end":{"line":18,"column":62}},"9":{"start":{"line":23,"column":4},"end":{"line":23,"column":41}},"10":{"start":{"line":28,"column":4},"end":{"line":28,"column":44}},"11":{"start":{"line":34,"column":4},"end":{"line":34,"column":63}},"12":{"start":{"line":40,"column":4},"end":{"line":40,"column":43}},"13":{"start":{"line":12,"column":13},"end":{"line":12,"column":30}},"14":{"start":{"line":17,"column":8},"end":{"line":19,"column":null}},"15":{"start":{"line":22,"column":2},"end":{"line":24,"column":null}},"16":{"start":{"line":27,"column":2},"end":{"line":29,"column":null}},"17":{"start":{"line":33,"column":2},"end":{"line":35,"column":null}},"18":{"start":{"line":39,"column":2},"end":{"line":41,"column":null}},"19":{"start":{"line":12,"column":13},"end":{"line":42,"column":null}}},"fnMap":{"0":{"name":"(anonymous_4)","decl":{"start":{"line":13,"column":2},"end":{"line":13,"column":22}},"loc":{"start":{"line":13,"column":52},"end":{"line":13,"column":56}}},"1":{"name":"(anonymous_5)","decl":{"start":{"line":17,"column":2},"end":{"line":17,"column":7}},"loc":{"start":{"line":17,"column":57},"end":{"line":19,"column":3}}},"2":{"name":"(anonymous_6)","decl":{"start":{"line":22,"column":2},"end":{"line":22,"column":9}},"loc":{"start":{"line":22,"column":9},"end":{"line":24,"column":3}}},"3":{"name":"(anonymous_7)","decl":{"start":{"line":27,"column":2},"end":{"line":27,"column":9}},"loc":{"start":{"line":27,"column":33},"end":{"line":29,"column":3}}},"4":{"name":"(anonymous_8)","decl":{"start":{"line":33,"column":2},"end":{"line":33,"column":8}},"loc":{"start":{"line":33,"column":76},"end":{"line":35,"column":3}}},"5":{"name":"(anonymous_9)","decl":{"start":{"line":39,"column":2},"end":{"line":39,"column":8}},"loc":{"start":{"line":39,"column":32},"end":{"line":41,"column":3}}}},"branchMap":{},"s":{"0":2,"1":2,"2":2,"3":2,"4":2,"5":2,"6":2,"7":7,"8":1,"9":1,"10":1,"11":1,"12":1,"13":2,"14":2,"15":2,"16":2,"17":2,"18":2,"19":2},"f":{"0":7,"1":1,"2":1,"3":1,"4":1,"5":1},"b":{}}
,"C:\\Users\\kwagd\\OneDrive\\Desktop\\New folder\\auth-product-module\\src\\product\\product.module.ts": {"path":"C:\\Users\\kwagd\\OneDrive\\Desktop\\New folder\\auth-product-module\\src\\product\\product.module.ts","statementMap":{"0":{"start":{"line":1,"column":0},"end":{"line":1,"column":40}},"1":{"start":{"line":2,"column":0},"end":{"line":2,"column":51}},"2":{"start":{"line":3,"column":0},"end":{"line":3,"column":57}},"3":{"start":{"line":4,"column":0},"end":{"line":4,"column":48}},"4":{"start":{"line":5,"column":0},"end":{"line":5,"column":52}},"5":{"start":{"line":6,"column":0},"end":{"line":6,"column":41}},"6":{"start":{"line":7,"column":0},"end":{"line":7,"column":49}},"7":{"start":{"line":8,"column":0},"end":{"line":8,"column":55}},"8":{"start":{"line":18,"column":7},"end":{"line":18,"column":null}},"9":{"start":{"line":18,"column":13},"end":{"line":18,"column":26}},"10":{"start":{"line":18,"column":13},"end":{"line":18,"column":null}}},"fnMap":{},"branchMap":{},"s":{"0":1,"1":1,"2":1,"3":1,"4":1,"5":1,"6":1,"7":1,"8":1,"9":1,"10":1},"f":{},"b":{}}
,"C:\\Users\\kwagd\\OneDrive\\Desktop\\New folder\\auth-product-module\\src\\product\\product.service.ts": {"path":"C:\\Users\\kwagd\\OneDrive\\Desktop\\New folder\\auth-product-module\\src\\product\\product.service.ts","statementMap":{"0":{"start":{"line":1,"column":0},"end":{"line":1,"column":71}},"1":{"start":{"line":4,"column":0},"end":{"line":4,"column":37}},"2":{"start":{"line":5,"column":0},"end":{"line":5,"column":52}},"3":{"start":{"line":6,"column":0},"end":{"line":6,"column":51}},"4":{"start":{"line":10,"column":7},"end":{"line":124,"column":null}},"5":{"start":{"line":14,"column":11},"end":{"line":14,"column":24}},"6":{"start":{"line":17,"column":4},"end":{"line":34,"column":5}},"7":{"start":{"line":19,"column":25},"end":{"line":19,"column":70}},"8":{"start":{"line":20,"column":6},"end":{"line":24,"column":8}},"9":{"start":{"line":26,"column":6},"end":{"line":33,"column":8}},"10":{"start":{"line":39,"column":4},"end":{"line":55,"column":5}},"11":{"start":{"line":40,"column":23},"end":{"line":40,"column":52}},"12":{"start":{"line":41,"column":6},"end":{"line":45,"column":8}},"13":{"start":{"line":47,"column":6},"end":{"line":54,"column":8}},"14":{"start":{"line":59,"column":4},"end":{"line":81,"column":5}},"15":{"start":{"line":60,"column":22},"end":{"line":60,"column":70}},"16":{"start":{"line":61,"column":6},"end":{"line":66,"column":7}},"17":{"start":{"line":62,"column":8},"end":{"line":65,"column":null}},"18":{"start":{"line":67,"column":6},"end":{"line":71,"column":8}},"19":{"start":{"line":73,"column":6},"end":{"line":80,"column":8}},"20":{"start":{"line":85,"column":4},"end":{"line":102,"column":5}},"21":{"start":{"line":87,"column":29},"end":{"line":87,"column":81}},"22":{"start":{"line":88,"column":6},"end":{"line":92,"column":8}},"23":{"start":{"line":94,"column":6},"end":{"line":101,"column":8}},"24":{"start":{"line":106,"column":4},"end":{"line":122,"column":5}},"25":{"start":{"line":107,"column":29},"end":{"line":107,"column":64}},"26":{"start":{"line":108,"column":6},"end":{"line":112,"column":8}},"27":{"start":{"line":114,"column":6},"end":{"line":121,"column":8}},"28":{"start":{"line":10,"column":13},"end":{"line":10,"column":27}},"29":{"start":{"line":10,"column":13},"end":{"line":124,"column":null}}},"fnMap":{"0":{"name":"(anonymous_4)","decl":{"start":{"line":12,"column":2},"end":{"line":12,"column":null}},"loc":{"start":{"line":14,"column":43},"end":{"line":15,"column":5}}},"1":{"name":"(anonymous_5)","decl":{"start":{"line":16,"column":2},"end":{"line":16,"column":7}},"loc":{"start":{"line":16,"column":49},"end":{"line":35,"column":3}}},"2":{"name":"(anonymous_6)","decl":{"start":{"line":38,"column":2},"end":{"line":38,"column":7}},"loc":{"start":{"line":38,"column":15},"end":{"line":56,"column":3}}},"3":{"name":"(anonymous_7)","decl":{"start":{"line":58,"column":2},"end":{"line":58,"column":7}},"loc":{"start":{"line":58,"column":26},"end":{"line":82,"column":3}}},"4":{"name":"(anonymous_8)","decl":{"start":{"line":84,"column":2},"end":{"line":84,"column":7}},"loc":{"start":{"line":84,"column":61},"end":{"line":103,"column":3}}},"5":{"name":"(anonymous_9)","decl":{"start":{"line":105,"column":2},"end":{"line":105,"column":7}},"loc":{"start":{"line":105,"column":25},"end":{"line":123,"column":3}}}},"branchMap":{"0":{"loc":{"start":{"line":61,"column":6},"end":{"line":66,"column":7}},"type":"if","locations":[{"start":{"line":61,"column":6},"end":{"line":66,"column":7}}]}},"s":{"0":3,"1":3,"2":3,"3":3,"4":3,"5":13,"6":2,"7":2,"8":1,"9":1,"10":2,"11":2,"12":1,"13":1,"14":3,"15":3,"16":2,"17":1,"18":1,"19":1,"20":2,"21":2,"22":1,"23":1,"24":2,"25":2,"26":1,"27":1,"28":3,"29":3},"f":{"0":13,"1":2,"2":2,"3":3,"4":2,"5":2},"b":{"0":[1]}}
,"C:\\Users\\kwagd\\OneDrive\\Desktop\\New folder\\auth-product-module\\src\\product\\dto\\create-product.dto.ts": {"path":"C:\\Users\\kwagd\\OneDrive\\Desktop\\New folder\\auth-product-module\\src\\product\\dto\\create-product.dto.ts","statementMap":{"0":{"start":{"line":1,"column":0},"end":{"line":1,"column":46}},"1":{"start":{"line":2,"column":0},"end":{"line":2,"column":77}},"2":{"start":{"line":4,"column":0},"end":{"line":4,"column":13}},"3":{"start":{"line":8,"column":4},"end":{"line":8,"column":null}},"4":{"start":{"line":13,"column":4},"end":{"line":13,"column":null}},"5":{"start":{"line":18,"column":4},"end":{"line":18,"column":null}},"6":{"start":{"line":23,"column":4},"end":{"line":23,"column":null}}},"fnMap":{},"branchMap":{},"s":{"0":2,"1":2,"2":2,"3":2,"4":2,"5":2,"6":2},"f":{},"b":{}}
,"C:\\Users\\kwagd\\OneDrive\\Desktop\\New folder\\auth-product-module\\src\\product\\dto\\update-product.dto.ts": {"path":"C:\\Users\\kwagd\\OneDrive\\Desktop\\New folder\\auth-product-module\\src\\product\\dto\\update-product.dto.ts","statementMap":{"0":{"start":{"line":1,"column":0},"end":{"line":1,"column":46}},"1":{"start":{"line":2,"column":0},"end":{"line":2,"column":88}},"2":{"start":{"line":4,"column":0},"end":{"line":4,"column":13}},"3":{"start":{"line":9,"column":4},"end":{"line":9,"column":null}},"4":{"start":{"line":14,"column":4},"end":{"line":14,"column":null}},"5":{"start":{"line":19,"column":4},"end":{"line":19,"column":null}},"6":{"start":{"line":24,"column":4},"end":{"line":24,"column":null}}},"fnMap":{},"branchMap":{},"s":{"0":2,"1":2,"2":2,"3":2,"4":2,"5":2,"6":2},"f":{},"b":{}}
,"C:\\Users\\kwagd\\OneDrive\\Desktop\\New folder\\auth-product-module\\src\\product\\entities\\product.entity.ts": {"path":"C:\\Users\\kwagd\\OneDrive\\Desktop\\New folder\\auth-product-module\\src\\product\\entities\\product.entity.ts","statementMap":{"0":{"start":{"line":1,"column":0},"end":{"line":1,"column":101}},"1":{"start":{"line":4,"column":7},"end":{"line":25,"column":null}},"2":{"start":{"line":4,"column":13},"end":{"line":4,"column":20}},"3":{"start":{"line":6,"column":4},"end":{"line":6,"column":null}},"4":{"start":{"line":9,"column":4},"end":{"line":9,"column":null}},"5":{"start":{"line":12,"column":4},"end":{"line":12,"column":null}},"6":{"start":{"line":15,"column":4},"end":{"line":15,"column":null}},"7":{"start":{"line":18,"column":4},"end":{"line":18,"column":null}},"8":{"start":{"line":21,"column":4},"end":{"line":21,"column":null}},"9":{"start":{"line":20,"column":58},"end":{"line":20,"column":80}},"10":{"start":{"line":24,"column":4},"end":{"line":24,"column":null}},"11":{"start":{"line":4,"column":13},"end":{"line":25,"column":null}}},"fnMap":{"0":{"name":"(anonymous_2)","decl":{"start":{"line":20,"column":52},"end":{"line":20,"column":55}},"loc":{"start":{"line":20,"column":58},"end":{"line":20,"column":80}}}},"branchMap":{},"s":{"0":3,"1":3,"2":3,"3":3,"4":3,"5":3,"6":3,"7":3,"8":3,"9":1,"10":3,"11":3},"f":{"0":1},"b":{}}
,"C:\\Users\\kwagd\\OneDrive\\Desktop\\New folder\\auth-product-module\\src\\user\\user.controller.ts": {"path":"C:\\Users\\kwagd\\OneDrive\\Desktop\\New folder\\auth-product-module\\src\\user\\user.controller.ts","statementMap":{"0":{"start":{"line":1,"column":0},"end":{"line":1,"column":83}},"1":{"start":{"line":2,"column":0},"end":{"line":2,"column":45}},"2":{"start":{"line":3,"column":0},"end":{"line":3,"column":54}},"3":{"start":{"line":4,"column":0},"end":{"line":4,"column":43}},"4":{"start":{"line":7,"column":7},"end":{"line":20,"column":null}},"5":{"start":{"line":8,"column":31},"end":{"line":8,"column":44}},"6":{"start":{"line":12,"column":4},"end":{"line":12,"column":50}},"7":{"start":{"line":17,"column":4},"end":{"line":17,"column":44}},"8":{"start":{"line":7,"column":13},"end":{"line":7,"column":27}},"9":{"start":{"line":11,"column":2},"end":{"line":13,"column":null}},"10":{"start":{"line":16,"column":2},"end":{"line":18,"column":null}},"11":{"start":{"line":7,"column":13},"end":{"line":20,"column":null}}},"fnMap":{"0":{"name":"(anonymous_4)","decl":{"start":{"line":8,"column":2},"end":{"line":8,"column":31}},"loc":{"start":{"line":8,"column":55},"end":{"line":8,"column":59}}},"1":{"name":"(anonymous_5)","decl":{"start":{"line":11,"column":2},"end":{"line":11,"column":8}},"loc":{"start":{"line":11,"column":45},"end":{"line":13,"column":3}}},"2":{"name":"(anonymous_6)","decl":{"start":{"line":16,"column":2},"end":{"line":16,"column":7}},"loc":{"start":{"line":16,"column":34},"end":{"line":18,"column":3}}}},"branchMap":{},"s":{"0":2,"1":2,"2":2,"3":2,"4":2,"5":6,"6":2,"7":2,"8":2,"9":2,"10":2,"11":2},"f":{"0":6,"1":2,"2":2},"b":{}}
,"C:\\Users\\kwagd\\OneDrive\\Desktop\\New folder\\auth-product-module\\src\\user\\user.module.ts": {"path":"C:\\Users\\kwagd\\OneDrive\\Desktop\\New folder\\auth-product-module\\src\\user\\user.module.ts","statementMap":{"0":{"start":{"line":1,"column":0},"end":{"line":1,"column":40}},"1":{"start":{"line":2,"column":0},"end":{"line":2,"column":45}},"2":{"start":{"line":3,"column":0},"end":{"line":3,"column":51}},"3":{"start":{"line":4,"column":0},"end":{"line":4,"column":48}},"4":{"start":{"line":5,"column":0},"end":{"line":5,"column":46}},"5":{"start":{"line":6,"column":0},"end":{"line":6,"column":49}},"6":{"start":{"line":14,"column":7},"end":{"line":14,"column":null}},"7":{"start":{"line":14,"column":13},"end":{"line":14,"column":23}},"8":{"start":{"line":14,"column":13},"end":{"line":14,"column":null}}},"fnMap":{},"branchMap":{},"s":{"0":1,"1":1,"2":1,"3":1,"4":1,"5":1,"6":1,"7":1,"8":1},"f":{},"b":{}}
,"C:\\Users\\kwagd\\OneDrive\\Desktop\\New folder\\auth-product-module\\src\\user\\user.service.ts": {"path":"C:\\Users\\kwagd\\OneDrive\\Desktop\\New folder\\auth-product-module\\src\\user\\user.service.ts","statementMap":{"0":{"start":{"line":1,"column":0},"end":{"line":1,"column":71}},"1":{"start":{"line":3,"column":0},"end":{"line":3,"column":46}},"2":{"start":{"line":4,"column":0},"end":{"line":4,"column":51}},"3":{"start":{"line":5,"column":0},"end":{"line":5,"column":37}},"4":{"start":{"line":6,"column":0},"end":{"line":6,"column":33}},"5":{"start":{"line":7,"column":0},"end":{"line":7,"column":51}},"6":{"start":{"line":11,"column":7},"end":{"line":81,"column":null}},"7":{"start":{"line":15,"column":13},"end":{"line":15,"column":30}},"8":{"start":{"line":16,"column":14},"end":{"line":16,"column":26}},"9":{"start":{"line":20,"column":4},"end":{"line":41,"column":5}},"10":{"start":{"line":21,"column":19},"end":{"line":21,"column":91}},"11":{"start":{"line":22,"column":6},"end":{"line":22,"column":94}},"12":{"start":{"line":22,"column":17},"end":{"line":22,"column":93}},"13":{"start":{"line":23,"column":29},"end":{"line":23,"column":74}},"14":{"start":{"line":24,"column":22},"end":{"line":24,"column":99}},"15":{"start":{"line":25,"column":31},"end":{"line":25,"column":92}},"16":{"start":{"line":27,"column":6},"end":{"line":31,"column":8}},"17":{"start":{"line":33,"column":6},"end":{"line":40,"column":8}},"18":{"start":{"line":45,"column":4},"end":{"line":68,"column":5}},"19":{"start":{"line":46,"column":19},"end":{"line":46,"column":90}},"20":{"start":{"line":48,"column":6},"end":{"line":48,"column":88}},"21":{"start":{"line":48,"column":16},"end":{"line":48,"column":87}},"22":{"start":{"line":50,"column":30},"end":{"line":50,"column":84}},"23":{"start":{"line":51,"column":6},"end":{"line":51,"column":109}},"24":{"start":{"line":51,"column":30},"end":{"line":51,"column":109}},"25":{"start":{"line":52,"column":31},"end":{"line":52,"column":89}},"26":{"start":{"line":54,"column":6},"end":{"line":58,"column":8}},"27":{"start":{"line":60,"column":6},"end":{"line":67,"column":8}},"28":{"start":{"line":72,"column":6},"end":{"line":72,"column":60}},"29":{"start":{"line":76,"column":6},"end":{"line":78,"column":9}},"30":{"start":{"line":11,"column":13},"end":{"line":11,"column":24}},"31":{"start":{"line":11,"column":13},"end":{"line":81,"column":null}}},"fnMap":{"0":{"name":"(anonymous_4)","decl":{"start":{"line":13,"column":2},"end":{"line":13,"column":null}},"loc":{"start":{"line":16,"column":37},"end":{"line":17,"column":7}}},"1":{"name":"(anonymous_5)","decl":{"start":{"line":19,"column":2},"end":{"line":19,"column":7}},"loc":{"start":{"line":19,"column":43},"end":{"line":42,"column":3}}},"2":{"name":"(anonymous_6)","decl":{"start":{"line":44,"column":2},"end":{"line":44,"column":7}},"loc":{"start":{"line":44,"column":32},"end":{"line":69,"column":3}}},"3":{"name":"(anonymous_7)","decl":{"start":{"line":71,"column":4},"end":{"line":71,"column":11}},"loc":{"start":{"line":71,"column":22},"end":{"line":73,"column":5}}},"4":{"name":"(anonymous_8)","decl":{"start":{"line":75,"column":4},"end":{"line":75,"column":9}},"loc":{"start":{"line":75,"column":58},"end":{"line":79,"column":5}}}},"branchMap":{"0":{"loc":{"start":{"line":22,"column":6},"end":{"line":22,"column":94}},"type":"if","locations":[{"start":{"line":22,"column":6},"end":{"line":22,"column":94}}]},"1":{"loc":{"start":{"line":48,"column":6},"end":{"line":48,"column":88}},"type":"if","locations":[{"start":{"line":48,"column":6},"end":{"line":48,"column":88}}]},"2":{"loc":{"start":{"line":51,"column":6},"end":{"line":51,"column":109}},"type":"if","locations":[{"start":{"line":51,"column":6},"end":{"line":51,"column":109}}]}},"s":{"0":6,"1":6,"2":6,"3":6,"4":6,"5":6,"6":6,"7":17,"8":17,"9":4,"10":4,"11":4,"12":1,"13":3,"14":2,"15":2,"16":2,"17":1,"18":6,"19":6,"20":5,"21":1,"22":4,"23":4,"24":2,"25":2,"26":2,"27":1,"28":2,"29":2,"30":6,"31":6},"f":{"0":17,"1":4,"2":6,"3":2,"4":2},"b":{"0":[1],"1":[1],"2":[2]}}
,"C:\\Users\\kwagd\\OneDrive\\Desktop\\New folder\\auth-product-module\\src\\user\\dto\\create-user.dto.ts": {"path":"C:\\Users\\kwagd\\OneDrive\\Desktop\\New folder\\auth-product-module\\src\\user\\dto\\create-user.dto.ts","statementMap":{"0":{"start":{"line":1,"column":0},"end":{"line":1,"column":72}},"1":{"start":{"line":2,"column":0},"end":{"line":2,"column":51}},"2":{"start":{"line":3,"column":0},"end":{"line":3,"column":46}},"3":{"start":{"line":5,"column":0},"end":{"line":5,"column":13}},"4":{"start":{"line":10,"column":4},"end":{"line":10,"column":null}},"5":{"start":{"line":15,"column":4},"end":{"line":15,"column":null}},"6":{"start":{"line":19,"column":4},"end":{"line":19,"column":null}}},"fnMap":{},"branchMap":{},"s":{"0":2,"1":2,"2":2,"3":2,"4":2,"5":2,"6":2},"f":{},"b":{}}
,"C:\\Users\\kwagd\\OneDrive\\Desktop\\New folder\\auth-product-module\\src\\user\\dto\\login.dto.ts": {"path":"C:\\Users\\kwagd\\OneDrive\\Desktop\\New folder\\auth-product-module\\src\\user\\dto\\login.dto.ts","statementMap":{"0":{"start":{"line":1,"column":0},"end":{"line":1,"column":46}},"1":{"start":{"line":2,"column":0},"end":{"line":2,"column":64}},"2":{"start":{"line":4,"column":0},"end":{"line":4,"column":13}},"3":{"start":{"line":8,"column":4},"end":{"line":8,"column":null}},"4":{"start":{"line":13,"column":4},"end":{"line":13,"column":null}}},"fnMap":{},"branchMap":{},"s":{"0":2,"1":2,"2":2,"3":2,"4":2},"f":{},"b":{}}
,"C:\\Users\\kwagd\\OneDrive\\Desktop\\New folder\\auth-product-module\\src\\user\\entities\\user.entity.ts": {"path":"C:\\Users\\kwagd\\OneDrive\\Desktop\\New folder\\auth-product-module\\src\\user\\entities\\user.entity.ts","statementMap":{"0":{"start":{"line":1,"column":0},"end":{"line":1,"column":101}},"1":{"start":{"line":3,"column":0},"end":{"line":3,"column":null}},"2":{"start":{"line":4,"column":4},"end":{"line":4,"column":null}},"3":{"start":{"line":5,"column":4},"end":{"line":5,"column":null}},"4":{"start":{"line":9,"column":7},"end":{"line":31,"column":null}},"5":{"start":{"line":9,"column":13},"end":{"line":9,"column":17}},"6":{"start":{"line":11,"column":4},"end":{"line":11,"column":null}},"7":{"start":{"line":14,"column":4},"end":{"line":14,"column":null}},"8":{"start":{"line":17,"column":4},"end":{"line":17,"column":null}},"9":{"start":{"line":20,"column":4},"end":{"line":20,"column":null}},"10":{"start":{"line":23,"column":4},"end":{"line":23,"column":null}},"11":{"start":{"line":26,"column":4},"end":{"line":26,"column":null}},"12":{"start":{"line":25,"column":58},"end":{"line":25,"column":80}},"13":{"start":{"line":29,"column":4},"end":{"line":29,"column":null}},"14":{"start":{"line":9,"column":13},"end":{"line":31,"column":null}}},"fnMap":{"0":{"name":"(anonymous_2)","decl":{"start":{"line":3,"column":0},"end":{"line":3,"column":12}},"loc":{"start":{"line":3,"column":20},"end":{"line":6,"column":1}}},"1":{"name":"(anonymous_3)","decl":{"start":{"line":25,"column":52},"end":{"line":25,"column":55}},"loc":{"start":{"line":25,"column":58},"end":{"line":25,"column":80}}}},"branchMap":{"0":{"loc":{"start":{"line":3,"column":12},"end":{"line":3,"column":null}},"type":"binary-expr","locations":[{"start":{"line":3,"column":12},"end":{"line":3,"column":20}},{"start":{"line":3,"column":20},"end":{"line":3,"column":null}}]}},"s":{"0":6,"1":6,"2":6,"3":6,"4":6,"5":6,"6":6,"7":6,"8":6,"9":6,"10":6,"11":6,"12":1,"13":6,"14":6},"f":{"0":6,"1":1},"b":{"0":[6,6]}}
}
