TN:
SF:src\app.controller.ts
FN:6,(anonymous_2)
FN:9,(anonymous_3)
FNF:2
FNH:2
FNDA:1,(anonymous_2)
FNDA:1,(anonymous_3)
DA:1,1
DA:2,1
DA:5,1
DA:6,1
DA:9,1
DA:10,1
LF:6
LH:6
BRF:0
BRH:0
end_of_record
TN:
SF:src\app.module.ts
FNF:0
FNH:0
DA:1,1
DA:2,1
DA:5,1
DA:6,1
DA:23,1
LF:5
LH:5
BRF:0
BRH:0
end_of_record
TN:
SF:src\app.service.ts
FN:5,(anonymous_1)
FNF:1
FNH:1
FNDA:1,(anonymous_1)
DA:1,1
DA:4,1
DA:6,1
LF:3
LH:3
BRF:0
BRH:0
end_of_record
TN:
SF:src\main.ts
FN:6,bootstrap
FNF:1
FNH:0
FNDA:0,bootstrap
DA:1,0
DA:2,0
DA:3,0
DA:4,0
DA:7,0
DA:9,0
DA:16,0
DA:18,0
DA:19,0
DA:21,0
DA:23,0
LF:11
LH:0
BRF:0
BRH:0
end_of_record
TN:
SF:src\auth\auth.module.ts
FN:10,(anonymous_1)
FNF:1
FNH:1
FNDA:3,(anonymous_1)
DA:1,1
DA:2,1
DA:3,1
DA:4,1
DA:5,1
DA:6,1
DA:10,3
DA:21,1
LF:8
LH:8
BRF:0
BRH:0
end_of_record
TN:
SF:src\auth\auth.service.ts
FN:8,(anonymous_4)
FN:14,(anonymous_5)
FN:10,(anonymous_6)
FNF:3
FNH:3
FNDA:5,(anonymous_4)
FNDA:3,(anonymous_5)
FNDA:5,(anonymous_6)
DA:1,6
DA:2,6
DA:3,6
DA:6,6
DA:9,5
DA:10,5
DA:11,5
DA:16,3
DA:17,3
DA:18,2
DA:19,1
LF:11
LH:11
BRF:0
BRH:0
end_of_record
TN:
SF:src\auth\guard\jwt-auth.guard.ts
FN:6,(anonymous_1)
FNF:1
FNH:0
FNDA:0,(anonymous_1)
DA:1,2
DA:2,2
DA:5,2
DA:7,0
DA:8,0
DA:9,0
LF:6
LH:3
BRF:0
BRH:0
end_of_record
TN:
SF:src\auth\strategy\jwt.strategy.ts
FN:11,(anonymous_4)
FN:24,(anonymous_5)
FN:35,(anonymous_6)
FN:12,(anonymous_7)
FNF:4
FNH:4
FNDA:9,(anonymous_4)
FNDA:4,(anonymous_5)
FNDA:7,(anonymous_6)
FNDA:9,(anonymous_7)
DA:1,2
DA:2,2
DA:3,2
DA:4,2
DA:9,2
DA:12,9
DA:13,9
DA:15,9
DA:25,4
DA:26,4
DA:27,1
DA:29,3
DA:30,3
DA:31,2
DA:33,1
DA:36,7
DA:37,7
DA:38,3
DA:40,4
LF:19
LH:19
BRDA:26,0,0,1
BRDA:30,1,0,2
BRDA:30,2,0,3
BRDA:30,2,1,2
BRDA:37,3,0,3
BRDA:37,4,0,7
BRDA:37,4,1,5
BRF:7
BRH:7
end_of_record
TN:
SF:src\product\product.controller.ts
FN:12,(anonymous_4)
FN:15,(anonymous_5)
FN:21,(anonymous_6)
FN:26,(anonymous_7)
FN:31,(anonymous_8)
FN:37,(anonymous_9)
FNF:6
FNH:6
FNDA:7,(anonymous_4)
FNDA:1,(anonymous_5)
FNDA:1,(anonymous_6)
FNDA:1,(anonymous_7)
FNDA:1,(anonymous_8)
FNDA:1,(anonymous_9)
DA:1,2
DA:2,2
DA:3,2
DA:4,2
DA:5,2
DA:11,2
DA:12,7
DA:15,2
DA:16,1
DA:17,1
DA:21,2
DA:22,1
DA:26,2
DA:27,1
DA:31,2
DA:32,1
DA:33,1
DA:37,2
DA:38,1
DA:39,1
LF:20
LH:20
BRF:0
BRH:0
end_of_record
TN:
SF:src\product\product.module.ts
FNF:0
FNH:0
DA:1,1
DA:2,1
DA:3,1
DA:4,1
DA:5,1
DA:12,1
LF:6
LH:6
BRF:0
BRH:0
end_of_record
TN:
SF:src\product\product.service.ts
FN:12,(anonymous_4)
FN:16,(anonymous_5)
FN:47,(anonymous_6)
FN:67,(anonymous_7)
FN:93,(anonymous_8)
FN:122,(anonymous_9)
FNF:6
FNH:6
FNDA:11,(anonymous_4)
FNDA:2,(anonymous_5)
FNDA:1,(anonymous_6)
FNDA:2,(anonymous_7)
FNDA:2,(anonymous_8)
FNDA:2,(anonymous_9)
DA:1,3
DA:4,3
DA:5,3
DA:6,3
DA:7,3
DA:10,3
DA:14,11
DA:17,2
DA:19,2
DA:20,1
DA:28,1
DA:29,1
DA:35,1
DA:48,1
DA:49,1
DA:50,1
DA:56,0
DA:68,2
DA:69,2
DA:70,2
DA:71,1
DA:76,1
DA:82,0
DA:94,2
DA:95,2
DA:96,1
DA:104,1
DA:105,1
DA:111,1
DA:123,2
DA:124,2
DA:125,1
DA:133,1
DA:134,1
DA:140,1
LF:35
LH:33
BRDA:19,0,0,1
BRDA:70,1,0,1
BRDA:95,2,0,1
BRDA:124,3,0,1
BRF:4
BRH:4
end_of_record
TN:
SF:src\product\dto\create-product.dto.ts
FNF:0
FNH:0
DA:1,2
DA:2,2
DA:4,2
DA:8,2
DA:13,2
DA:18,2
DA:23,2
LF:7
LH:7
BRF:0
BRH:0
end_of_record
TN:
SF:src\product\dto\update-product.dto.ts
FNF:0
FNH:0
DA:1,2
DA:2,2
DA:4,2
DA:9,2
DA:14,2
DA:19,2
DA:24,2
LF:7
LH:7
BRF:0
BRH:0
end_of_record
TN:
SF:src\product\entities\product.entity.ts
FN:20,(anonymous_2)
FNF:1
FNH:1
FNDA:1,(anonymous_2)
DA:1,3
DA:4,3
DA:6,3
DA:9,3
DA:12,3
DA:15,3
DA:18,3
DA:20,1
DA:21,3
DA:24,3
LF:10
LH:10
BRF:0
BRH:0
end_of_record
TN:
SF:src\user\user.controller.ts
FN:8,(anonymous_4)
FN:11,(anonymous_5)
FN:16,(anonymous_6)
FNF:3
FNH:3
FNDA:6,(anonymous_4)
FNDA:2,(anonymous_5)
FNDA:2,(anonymous_6)
DA:1,2
DA:2,2
DA:3,2
DA:4,2
DA:7,2
DA:8,6
DA:11,2
DA:12,2
DA:16,2
DA:17,2
LF:10
LH:10
BRF:0
BRH:0
end_of_record
TN:
SF:src\user\user.module.ts
FNF:0
FNH:0
DA:1,1
DA:2,1
DA:3,1
DA:4,1
DA:5,1
DA:6,1
DA:14,1
LF:7
LH:7
BRF:0
BRH:0
end_of_record
TN:
SF:src\user\user.service.ts
FN:13,(anonymous_4)
FN:19,(anonymous_5)
FN:44,(anonymous_6)
FN:71,(anonymous_7)
FN:75,(anonymous_8)
FNF:5
FNH:5
FNDA:17,(anonymous_4)
FNDA:4,(anonymous_5)
FNDA:6,(anonymous_6)
FNDA:2,(anonymous_7)
FNDA:2,(anonymous_8)
DA:1,6
DA:3,6
DA:4,6
DA:5,6
DA:6,6
DA:7,6
DA:11,6
DA:15,17
DA:16,17
DA:20,4
DA:21,4
DA:22,4
DA:23,3
DA:24,2
DA:25,2
DA:27,2
DA:33,1
DA:45,6
DA:46,6
DA:48,5
DA:50,4
DA:51,4
DA:52,2
DA:54,2
DA:60,1
DA:72,2
DA:76,2
LF:27
LH:27
BRDA:22,0,0,1
BRDA:48,1,0,1
BRDA:51,2,0,2
BRF:3
BRH:3
end_of_record
TN:
SF:src\user\dto\create-user.dto.ts
FNF:0
FNH:0
DA:1,2
DA:2,2
DA:3,2
DA:5,2
DA:10,2
DA:15,2
DA:19,2
LF:7
LH:7
BRF:0
BRH:0
end_of_record
TN:
SF:src\user\dto\login.dto.ts
FNF:0
FNH:0
DA:1,2
DA:2,2
DA:4,2
DA:8,2
DA:13,2
LF:5
LH:5
BRF:0
BRH:0
end_of_record
TN:
SF:src\user\entities\user.entity.ts
FN:3,(anonymous_2)
FN:25,(anonymous_3)
FNF:2
FNH:2
FNDA:8,(anonymous_2)
FNDA:1,(anonymous_3)
DA:1,8
DA:3,8
DA:4,8
DA:5,8
DA:9,8
DA:11,8
DA:14,8
DA:17,8
DA:20,8
DA:23,8
DA:25,1
DA:26,8
DA:29,8
LF:13
LH:13
BRDA:3,0,0,8
BRDA:3,0,1,8
BRF:2
BRH:2
end_of_record
